2020-11-05 13:10:54,817 INFO org.springframework.test.context.support.AbstractTestContextBootstrapper [main] Neither @ContextConfiguration nor @ContextHierarchy found for test class [com.beis.subsidy.control.publicsearchservice.PublicSearchServiceApplicationTests], using SpringBootContextLoader
2020-11-05 13:10:54,823 INFO org.springframework.test.context.support.AbstractContextLoader [main] Could not detect default resource locations for test class [com.beis.subsidy.control.publicsearchservice.PublicSearchServiceApplicationTests]: no resource found for suffixes {-context.xml, Context.groovy}.
2020-11-05 13:10:54,824 INFO org.springframework.test.context.support.AnnotationConfigContextLoaderUtils [main] Could not detect default configuration classes for test class [com.beis.subsidy.control.publicsearchservice.PublicSearchServiceApplicationTests]: PublicSearchServiceApplicationTests does not declare any static, non-private, non-final, nested classes annotated with @Configuration.
2020-11-05 13:10:54,925 INFO org.springframework.boot.test.context.SpringBootTestContextBootstrapper [main] Found @SpringBootConfiguration com.beis.subsidy.control.publicsearchservice.PublicSearchServiceApplication for test class com.beis.subsidy.control.publicsearchservice.PublicSearchServiceApplicationTests
2020-11-05 13:10:55,010 INFO org.springframework.test.context.support.AbstractTestContextBootstrapper [main] Loaded default TestExecutionListener class names from location [META-INF/spring.factories]: [org.springframework.boot.test.mock.mockito.MockitoTestExecutionListener, org.springframework.boot.test.mock.mockito.ResetMocksTestExecutionListener, org.springframework.boot.test.autoconfigure.restdocs.RestDocsTestExecutionListener, org.springframework.boot.test.autoconfigure.web.client.MockRestServiceServerResetTestExecutionListener, org.springframework.boot.test.autoconfigure.web.servlet.MockMvcPrintOnlyOnFailureTestExecutionListener, org.springframework.boot.test.autoconfigure.web.servlet.WebDriverTestExecutionListener, org.springframework.boot.test.autoconfigure.webservices.client.MockWebServiceServerTestExecutionListener, org.springframework.test.context.web.ServletTestExecutionListener, org.springframework.test.context.support.DirtiesContextBeforeModesTestExecutionListener, org.springframework.test.context.support.DependencyInjectionTestExecutionListener, org.springframework.test.context.support.DirtiesContextTestExecutionListener, org.springframework.test.context.transaction.TransactionalTestExecutionListener, org.springframework.test.context.jdbc.SqlScriptsTestExecutionListener, org.springframework.test.context.event.EventPublishingTestExecutionListener]
2020-11-05 13:10:55,027 INFO org.springframework.test.context.support.AbstractTestContextBootstrapper [main] Using TestExecutionListeners: [org.springframework.test.context.web.ServletTestExecutionListener@649725e3, org.springframework.test.context.support.DirtiesContextBeforeModesTestExecutionListener@3c0fae6c, org.springframework.boot.test.mock.mockito.MockitoTestExecutionListener@4c168660, org.springframework.boot.test.autoconfigure.SpringBootDependencyInjectionTestExecutionListener@52b56a3e, org.springframework.test.context.support.DirtiesContextTestExecutionListener@fd0e5b6, org.springframework.test.context.transaction.TransactionalTestExecutionListener@4eed46ee, org.springframework.test.context.jdbc.SqlScriptsTestExecutionListener@36b0fcd5, org.springframework.test.context.event.EventPublishingTestExecutionListener@4fad94a7, org.springframework.boot.test.mock.mockito.ResetMocksTestExecutionListener@475835b1, org.springframework.boot.test.autoconfigure.restdocs.RestDocsTestExecutionListener@6326d182, org.springframework.boot.test.autoconfigure.web.client.MockRestServiceServerResetTestExecutionListener@5241cf67, org.springframework.boot.test.autoconfigure.web.servlet.MockMvcPrintOnlyOnFailureTestExecutionListener@716a7124, org.springframework.boot.test.autoconfigure.web.servlet.WebDriverTestExecutionListener@77192705, org.springframework.boot.test.autoconfigure.webservices.client.MockWebServiceServerTestExecutionListener@226642a5]
2020-11-05 13:10:55,296 INFO org.springframework.boot.StartupInfoLogger [main] Starting PublicSearchServiceApplicationTests on AMBGB000055 with PID 1881 (started by 482443 in /Users/482443/Projects/BEIS/Subsidy-control-transparency-db/public-search-service)
2020-11-05 13:10:55,297 INFO org.springframework.boot.SpringApplication [main] No active profile set, falling back to default profiles: default
2020-11-05 13:10:55,923 INFO org.springframework.data.repository.config.RepositoryConfigurationDelegate [main] Bootstrapping Spring Data JPA repositories in DEFERRED mode.
2020-11-05 13:10:55,979 INFO org.springframework.data.repository.config.RepositoryConfigurationDelegate [main] Finished Spring Data repository scanning in 48ms. Found 4 JPA repository interfaces.
2020-11-05 13:10:56,543 INFO org.springframework.scheduling.concurrent.ExecutorConfigurationSupport [main] Initializing ExecutorService 'applicationTaskExecutor'
2020-11-05 13:10:56,609 INFO org.hibernate.jpa.internal.util.LogHelper [task-1] HHH000204: Processing PersistenceUnitInfo [name: default]
2020-11-05 13:10:56,676 INFO org.hibernate.Version [task-1] HHH000412: Hibernate ORM core version 5.4.22.Final
2020-11-05 13:10:56,833 INFO org.hibernate.annotations.common.reflection.java.JavaReflectionManager [task-1] HCANN000001: Hibernate Commons Annotations {5.1.0.Final}
2020-11-05 13:10:56,947 INFO com.zaxxer.hikari.HikariDataSource [task-1] HikariPool-1 - Starting...
2020-11-05 13:10:57,051 INFO com.zaxxer.hikari.HikariDataSource [task-1] HikariPool-1 - Start completed.
2020-11-05 13:10:57,073 INFO org.hibernate.dialect.Dialect [task-1] HHH000400: Using dialect: org.hibernate.dialect.PostgreSQL92Dialect
2020-11-05 13:10:57,797 INFO org.hibernate.engine.transaction.jta.platform.internal.JtaPlatformInitiator [task-1] HHH000490: Using JtaPlatform implementation: [org.hibernate.engine.transaction.jta.platform.internal.NoJtaPlatform]
2020-11-05 13:10:57,805 INFO org.springframework.orm.jpa.AbstractEntityManagerFactoryBean [task-1] Initialized JPA EntityManagerFactory for persistence unit 'default'
2020-11-05 13:10:58,310 WARN org.springframework.boot.autoconfigure.orm.jpa.JpaBaseConfiguration$JpaWebConfiguration [main] spring.jpa.open-in-view is enabled by default. Therefore, database queries may be performed during view rendering. Explicitly configure spring.jpa.open-in-view to disable this warning
2020-11-05 13:10:59,204 INFO org.springframework.data.repository.config.DeferredRepositoryInitializationListener [main] Triggering deferred initialization of Spring Data repositories…
2020-11-05 13:10:59,335 INFO org.springframework.data.repository.config.DeferredRepositoryInitializationListener [main] Spring Data repositories initialized!
2020-11-05 13:10:59,343 INFO org.springframework.boot.StartupInfoLogger [main] Started PublicSearchServiceApplicationTests in 4.261 seconds (JVM running for 5.181)
2020-11-05 13:10:59,476 INFO org.springframework.orm.jpa.AbstractEntityManagerFactoryBean [SpringContextShutdownHook] Closing JPA EntityManagerFactory for persistence unit 'default'
2020-11-05 13:10:59,477 INFO org.springframework.scheduling.concurrent.ExecutorConfigurationSupport [SpringContextShutdownHook] Shutting down ExecutorService 'applicationTaskExecutor'
2020-11-05 13:10:59,478 INFO com.zaxxer.hikari.HikariDataSource [SpringContextShutdownHook] HikariPool-1 - Shutdown initiated...
2020-11-05 13:10:59,483 INFO com.zaxxer.hikari.HikariDataSource [SpringContextShutdownHook] HikariPool-1 - Shutdown completed.
2020-11-05 13:36:02,467 INFO org.springframework.test.context.support.AbstractTestContextBootstrapper [main] Neither @ContextConfiguration nor @ContextHierarchy found for test class [com.beis.subsidy.control.publicsearchservice.PublicSearchServiceApplicationTests], using SpringBootContextLoader
2020-11-05 13:36:02,473 INFO org.springframework.test.context.support.AbstractContextLoader [main] Could not detect default resource locations for test class [com.beis.subsidy.control.publicsearchservice.PublicSearchServiceApplicationTests]: no resource found for suffixes {-context.xml, Context.groovy}.
2020-11-05 13:36:02,474 INFO org.springframework.test.context.support.AnnotationConfigContextLoaderUtils [main] Could not detect default configuration classes for test class [com.beis.subsidy.control.publicsearchservice.PublicSearchServiceApplicationTests]: PublicSearchServiceApplicationTests does not declare any static, non-private, non-final, nested classes annotated with @Configuration.
2020-11-05 13:36:02,577 INFO org.springframework.boot.test.context.SpringBootTestContextBootstrapper [main] Found @SpringBootConfiguration com.beis.subsidy.control.publicsearchservice.PublicSearchServiceApplication for test class com.beis.subsidy.control.publicsearchservice.PublicSearchServiceApplicationTests
2020-11-05 13:36:02,662 INFO org.springframework.test.context.support.AbstractTestContextBootstrapper [main] Loaded default TestExecutionListener class names from location [META-INF/spring.factories]: [org.springframework.boot.test.mock.mockito.MockitoTestExecutionListener, org.springframework.boot.test.mock.mockito.ResetMocksTestExecutionListener, org.springframework.boot.test.autoconfigure.restdocs.RestDocsTestExecutionListener, org.springframework.boot.test.autoconfigure.web.client.MockRestServiceServerResetTestExecutionListener, org.springframework.boot.test.autoconfigure.web.servlet.MockMvcPrintOnlyOnFailureTestExecutionListener, org.springframework.boot.test.autoconfigure.web.servlet.WebDriverTestExecutionListener, org.springframework.boot.test.autoconfigure.webservices.client.MockWebServiceServerTestExecutionListener, org.springframework.test.context.web.ServletTestExecutionListener, org.springframework.test.context.support.DirtiesContextBeforeModesTestExecutionListener, org.springframework.test.context.support.DependencyInjectionTestExecutionListener, org.springframework.test.context.support.DirtiesContextTestExecutionListener, org.springframework.test.context.transaction.TransactionalTestExecutionListener, org.springframework.test.context.jdbc.SqlScriptsTestExecutionListener, org.springframework.test.context.event.EventPublishingTestExecutionListener]
2020-11-05 13:36:02,691 INFO org.springframework.test.context.support.AbstractTestContextBootstrapper [main] Using TestExecutionListeners: [org.springframework.test.context.web.ServletTestExecutionListener@fd0e5b6, org.springframework.test.context.support.DirtiesContextBeforeModesTestExecutionListener@4eed46ee, org.springframework.boot.test.mock.mockito.MockitoTestExecutionListener@36b0fcd5, org.springframework.boot.test.autoconfigure.SpringBootDependencyInjectionTestExecutionListener@4fad94a7, org.springframework.test.context.support.DirtiesContextTestExecutionListener@475835b1, org.springframework.test.context.transaction.TransactionalTestExecutionListener@6326d182, org.springframework.test.context.jdbc.SqlScriptsTestExecutionListener@5241cf67, org.springframework.test.context.event.EventPublishingTestExecutionListener@716a7124, org.springframework.boot.test.mock.mockito.ResetMocksTestExecutionListener@77192705, org.springframework.boot.test.autoconfigure.restdocs.RestDocsTestExecutionListener@226642a5, org.springframework.boot.test.autoconfigure.web.client.MockRestServiceServerResetTestExecutionListener@7e809b79, org.springframework.boot.test.autoconfigure.web.servlet.MockMvcPrintOnlyOnFailureTestExecutionListener@5cc126dc, org.springframework.boot.test.autoconfigure.web.servlet.WebDriverTestExecutionListener@625e134e, org.springframework.boot.test.autoconfigure.webservices.client.MockWebServiceServerTestExecutionListener@72bd06ca]
2020-11-05 13:36:02,937 INFO org.springframework.boot.StartupInfoLogger [main] Starting PublicSearchServiceApplicationTests on AMBGB000055 with PID 2442 (started by 482443 in /Users/482443/Projects/BEIS/Subsidy-control-transparency-db/public-search-service)
2020-11-05 13:36:02,937 INFO org.springframework.boot.SpringApplication [main] No active profile set, falling back to default profiles: default
2020-11-05 13:36:03,572 INFO org.springframework.data.repository.config.RepositoryConfigurationDelegate [main] Bootstrapping Spring Data JPA repositories in DEFERRED mode.
2020-11-05 13:36:03,634 INFO org.springframework.data.repository.config.RepositoryConfigurationDelegate [main] Finished Spring Data repository scanning in 54ms. Found 4 JPA repository interfaces.
2020-11-05 13:36:04,237 INFO org.springframework.scheduling.concurrent.ExecutorConfigurationSupport [main] Initializing ExecutorService 'applicationTaskExecutor'
2020-11-05 13:36:04,298 INFO org.hibernate.jpa.internal.util.LogHelper [task-1] HHH000204: Processing PersistenceUnitInfo [name: default]
2020-11-05 13:36:04,350 INFO org.hibernate.Version [task-1] HHH000412: Hibernate ORM core version 5.4.22.Final
2020-11-05 13:36:04,491 INFO org.hibernate.annotations.common.reflection.java.JavaReflectionManager [task-1] HCANN000001: Hibernate Commons Annotations {5.1.0.Final}
2020-11-05 13:36:04,591 INFO com.zaxxer.hikari.HikariDataSource [task-1] HikariPool-1 - Starting...
2020-11-05 13:36:04,692 INFO com.zaxxer.hikari.HikariDataSource [task-1] HikariPool-1 - Start completed.
2020-11-05 13:36:04,710 INFO org.hibernate.dialect.Dialect [task-1] HHH000400: Using dialect: org.hibernate.dialect.PostgreSQL92Dialect
2020-11-05 13:36:05,402 INFO org.hibernate.engine.transaction.jta.platform.internal.JtaPlatformInitiator [task-1] HHH000490: Using JtaPlatform implementation: [org.hibernate.engine.transaction.jta.platform.internal.NoJtaPlatform]
2020-11-05 13:36:05,425 INFO org.springframework.orm.jpa.AbstractEntityManagerFactoryBean [task-1] Initialized JPA EntityManagerFactory for persistence unit 'default'
2020-11-05 13:36:05,944 WARN org.springframework.boot.autoconfigure.orm.jpa.JpaBaseConfiguration$JpaWebConfiguration [main] spring.jpa.open-in-view is enabled by default. Therefore, database queries may be performed during view rendering. Explicitly configure spring.jpa.open-in-view to disable this warning
2020-11-05 13:36:07,155 INFO org.springframework.data.repository.config.DeferredRepositoryInitializationListener [main] Triggering deferred initialization of Spring Data repositories…
2020-11-05 13:36:07,293 INFO org.springframework.data.repository.config.DeferredRepositoryInitializationListener [main] Spring Data repositories initialized!
2020-11-05 13:36:07,300 INFO org.springframework.boot.StartupInfoLogger [main] Started PublicSearchServiceApplicationTests in 4.571 seconds (JVM running for 5.576)
2020-11-05 13:36:07,458 INFO org.springframework.orm.jpa.AbstractEntityManagerFactoryBean [SpringContextShutdownHook] Closing JPA EntityManagerFactory for persistence unit 'default'
2020-11-05 13:36:07,460 INFO org.springframework.scheduling.concurrent.ExecutorConfigurationSupport [SpringContextShutdownHook] Shutting down ExecutorService 'applicationTaskExecutor'
2020-11-05 13:36:07,460 INFO com.zaxxer.hikari.HikariDataSource [SpringContextShutdownHook] HikariPool-1 - Shutdown initiated...
2020-11-05 13:36:07,467 INFO com.zaxxer.hikari.HikariDataSource [SpringContextShutdownHook] HikariPool-1 - Shutdown completed.
2020-11-05 13:36:24,579 INFO org.springframework.boot.StartupInfoLogger [main] Starting PublicSearchServiceApplication v0.0.1-SNAPSHOT on AMBGB000055 with PID 2467 (/Users/482443/Projects/BEIS/Subsidy-control-transparency-db/public-search-service/target/public-search-service-0.0.1-SNAPSHOT.jar started by 482443 in /Users/482443/Projects/BEIS/Subsidy-control-transparency-db/public-search-service)
2020-11-05 13:36:24,582 INFO org.springframework.boot.SpringApplication [main] No active profile set, falling back to default profiles: default
2020-11-05 13:36:25,389 INFO org.springframework.data.repository.config.RepositoryConfigurationDelegate [main] Bootstrapping Spring Data JPA repositories in DEFERRED mode.
2020-11-05 13:36:25,506 INFO org.springframework.data.repository.config.RepositoryConfigurationDelegate [main] Finished Spring Data repository scanning in 107ms. Found 4 JPA repository interfaces.
2020-11-05 13:36:26,303 INFO org.springframework.boot.web.embedded.tomcat.TomcatWebServer [main] Tomcat initialized with port(s): 8581 (http)
2020-11-05 13:36:26,316 INFO org.apache.juli.logging.DirectJDKLog [main] Initializing ProtocolHandler ["http-nio-8581"]
2020-11-05 13:36:26,317 INFO org.apache.juli.logging.DirectJDKLog [main] Starting service [Tomcat]
2020-11-05 13:36:26,317 INFO org.apache.juli.logging.DirectJDKLog [main] Starting Servlet engine: [Apache Tomcat/9.0.39]
2020-11-05 13:36:26,390 INFO org.apache.juli.logging.DirectJDKLog [main] Initializing Spring embedded WebApplicationContext
2020-11-05 13:36:26,390 INFO org.springframework.boot.web.servlet.context.ServletWebServerApplicationContext [main] Root WebApplicationContext: initialization completed in 1752 ms
2020-11-05 13:36:26,657 INFO org.springframework.scheduling.concurrent.ExecutorConfigurationSupport [main] Initializing ExecutorService 'applicationTaskExecutor'
2020-11-05 13:36:26,725 INFO org.hibernate.jpa.internal.util.LogHelper [task-1] HHH000204: Processing PersistenceUnitInfo [name: default]
2020-11-05 13:36:26,834 INFO org.hibernate.Version [task-1] HHH000412: Hibernate ORM core version 5.4.22.Final
2020-11-05 13:36:27,036 INFO org.hibernate.annotations.common.reflection.java.JavaReflectionManager [task-1] HCANN000001: Hibernate Commons Annotations {5.1.0.Final}
2020-11-05 13:36:27,181 INFO com.zaxxer.hikari.HikariDataSource [task-1] HikariPool-1 - Starting...
2020-11-05 13:36:27,304 INFO com.zaxxer.hikari.HikariDataSource [task-1] HikariPool-1 - Start completed.
2020-11-05 13:36:27,331 INFO org.hibernate.dialect.Dialect [task-1] HHH000400: Using dialect: org.hibernate.dialect.PostgreSQL92Dialect
2020-11-05 13:36:28,096 INFO org.hibernate.engine.transaction.jta.platform.internal.JtaPlatformInitiator [task-1] HHH000490: Using JtaPlatform implementation: [org.hibernate.engine.transaction.jta.platform.internal.NoJtaPlatform]
2020-11-05 13:36:28,107 INFO org.springframework.orm.jpa.AbstractEntityManagerFactoryBean [task-1] Initialized JPA EntityManagerFactory for persistence unit 'default'
2020-11-05 13:36:28,731 WARN org.springframework.boot.autoconfigure.orm.jpa.JpaBaseConfiguration$JpaWebConfiguration [main] spring.jpa.open-in-view is enabled by default. Therefore, database queries may be performed during view rendering. Explicitly configure spring.jpa.open-in-view to disable this warning
2020-11-05 13:36:29,978 INFO org.apache.juli.logging.DirectJDKLog [main] Starting ProtocolHandler ["http-nio-8581"]
2020-11-05 13:36:30,005 INFO org.springframework.boot.web.embedded.tomcat.TomcatWebServer [main] Tomcat started on port(s): 8581 (http) with context path ''
2020-11-05 13:36:30,007 INFO org.springframework.data.repository.config.DeferredRepositoryInitializationListener [main] Triggering deferred initialization of Spring Data repositories…
2020-11-05 13:36:30,191 INFO org.springframework.data.repository.config.DeferredRepositoryInitializationListener [main] Spring Data repositories initialized!
2020-11-05 13:36:30,201 INFO org.springframework.boot.StartupInfoLogger [main] Started PublicSearchServiceApplication in 6.163 seconds (JVM running for 6.839)
2020-11-05 13:36:56,755 INFO org.apache.juli.logging.DirectJDKLog [http-nio-8581-exec-1] Initializing Spring DispatcherServlet 'dispatcherServlet'
2020-11-05 13:36:56,756 INFO org.springframework.web.servlet.FrameworkServlet [http-nio-8581-exec-1] Initializing Servlet 'dispatcherServlet'
2020-11-05 13:36:56,775 INFO org.springframework.web.servlet.FrameworkServlet [http-nio-8581-exec-1] Completed initialization in 19 ms
2020-11-05 13:36:57,482 INFO org.springdoc.api.AbstractOpenApiResource [http-nio-8581-exec-8] Init duration for springdoc-openapi is: 265 ms
2020-11-05 13:52:52,217 INFO org.springframework.orm.jpa.AbstractEntityManagerFactoryBean [SpringContextShutdownHook] Closing JPA EntityManagerFactory for persistence unit 'default'
2020-11-05 13:52:52,220 INFO org.springframework.scheduling.concurrent.ExecutorConfigurationSupport [SpringContextShutdownHook] Shutting down ExecutorService 'applicationTaskExecutor'
2020-11-05 13:52:52,221 INFO com.zaxxer.hikari.HikariDataSource [SpringContextShutdownHook] HikariPool-1 - Shutdown initiated...
2020-11-05 13:52:52,228 INFO com.zaxxer.hikari.HikariDataSource [SpringContextShutdownHook] HikariPool-1 - Shutdown completed.
2020-11-05 14:38:12,136 INFO org.springframework.test.context.support.AbstractTestContextBootstrapper [main] Neither @ContextConfiguration nor @ContextHierarchy found for test class [com.beis.subsidy.control.publicsearchservice.PublicSearchServiceApplicationTests], using SpringBootContextLoader
2020-11-05 14:38:12,143 INFO org.springframework.test.context.support.AbstractContextLoader [main] Could not detect default resource locations for test class [com.beis.subsidy.control.publicsearchservice.PublicSearchServiceApplicationTests]: no resource found for suffixes {-context.xml, Context.groovy}.
2020-11-05 14:38:12,144 INFO org.springframework.test.context.support.AnnotationConfigContextLoaderUtils [main] Could not detect default configuration classes for test class [com.beis.subsidy.control.publicsearchservice.PublicSearchServiceApplicationTests]: PublicSearchServiceApplicationTests does not declare any static, non-private, non-final, nested classes annotated with @Configuration.
2020-11-05 14:38:12,266 INFO org.springframework.boot.test.context.SpringBootTestContextBootstrapper [main] Found @SpringBootConfiguration com.beis.subsidy.control.publicsearchservice.PublicSearchServiceApplication for test class com.beis.subsidy.control.publicsearchservice.PublicSearchServiceApplicationTests
2020-11-05 14:38:12,372 INFO org.springframework.test.context.support.AbstractTestContextBootstrapper [main] Loaded default TestExecutionListener class names from location [META-INF/spring.factories]: [org.springframework.boot.test.mock.mockito.MockitoTestExecutionListener, org.springframework.boot.test.mock.mockito.ResetMocksTestExecutionListener, org.springframework.boot.test.autoconfigure.restdocs.RestDocsTestExecutionListener, org.springframework.boot.test.autoconfigure.web.client.MockRestServiceServerResetTestExecutionListener, org.springframework.boot.test.autoconfigure.web.servlet.MockMvcPrintOnlyOnFailureTestExecutionListener, org.springframework.boot.test.autoconfigure.web.servlet.WebDriverTestExecutionListener, org.springframework.boot.test.autoconfigure.webservices.client.MockWebServiceServerTestExecutionListener, org.springframework.test.context.web.ServletTestExecutionListener, org.springframework.test.context.support.DirtiesContextBeforeModesTestExecutionListener, org.springframework.test.context.support.DependencyInjectionTestExecutionListener, org.springframework.test.context.support.DirtiesContextTestExecutionListener, org.springframework.test.context.transaction.TransactionalTestExecutionListener, org.springframework.test.context.jdbc.SqlScriptsTestExecutionListener, org.springframework.test.context.event.EventPublishingTestExecutionListener]
2020-11-05 14:38:12,390 INFO org.springframework.test.context.support.AbstractTestContextBootstrapper [main] Using TestExecutionListeners: [org.springframework.test.context.web.ServletTestExecutionListener@fd0e5b6, org.springframework.test.context.support.DirtiesContextBeforeModesTestExecutionListener@4eed46ee, org.springframework.boot.test.mock.mockito.MockitoTestExecutionListener@36b0fcd5, org.springframework.boot.test.autoconfigure.SpringBootDependencyInjectionTestExecutionListener@4fad94a7, org.springframework.test.context.support.DirtiesContextTestExecutionListener@475835b1, org.springframework.test.context.transaction.TransactionalTestExecutionListener@6326d182, org.springframework.test.context.jdbc.SqlScriptsTestExecutionListener@5241cf67, org.springframework.test.context.event.EventPublishingTestExecutionListener@716a7124, org.springframework.boot.test.mock.mockito.ResetMocksTestExecutionListener@77192705, org.springframework.boot.test.autoconfigure.restdocs.RestDocsTestExecutionListener@226642a5, org.springframework.boot.test.autoconfigure.web.client.MockRestServiceServerResetTestExecutionListener@7e809b79, org.springframework.boot.test.autoconfigure.web.servlet.MockMvcPrintOnlyOnFailureTestExecutionListener@5cc126dc, org.springframework.boot.test.autoconfigure.web.servlet.WebDriverTestExecutionListener@625e134e, org.springframework.boot.test.autoconfigure.webservices.client.MockWebServiceServerTestExecutionListener@72bd06ca]
2020-11-05 14:38:12,665 INFO org.springframework.boot.StartupInfoLogger [main] Starting PublicSearchServiceApplicationTests on AMBGB000055 with PID 3831 (started by 482443 in /Users/482443/Projects/BEIS/Subsidy-control-transparency-db/public-search-service)
2020-11-05 14:38:12,666 INFO org.springframework.boot.SpringApplication [main] No active profile set, falling back to default profiles: default
2020-11-05 14:38:13,396 INFO org.springframework.data.repository.config.RepositoryConfigurationDelegate [main] Bootstrapping Spring Data JPA repositories in DEFERRED mode.
2020-11-05 14:38:13,460 INFO org.springframework.data.repository.config.RepositoryConfigurationDelegate [main] Finished Spring Data repository scanning in 56ms. Found 4 JPA repository interfaces.
2020-11-05 14:38:14,094 INFO org.springframework.scheduling.concurrent.ExecutorConfigurationSupport [main] Initializing ExecutorService 'applicationTaskExecutor'
2020-11-05 14:38:14,164 INFO org.hibernate.jpa.internal.util.LogHelper [task-1] HHH000204: Processing PersistenceUnitInfo [name: default]
2020-11-05 14:38:14,237 INFO org.hibernate.Version [task-1] HHH000412: Hibernate ORM core version 5.4.22.Final
2020-11-05 14:38:14,420 INFO org.hibernate.annotations.common.reflection.java.JavaReflectionManager [task-1] HCANN000001: Hibernate Commons Annotations {5.1.0.Final}
2020-11-05 14:38:14,550 INFO com.zaxxer.hikari.HikariDataSource [task-1] HikariPool-1 - Starting...
2020-11-05 14:38:14,684 INFO com.zaxxer.hikari.HikariDataSource [task-1] HikariPool-1 - Start completed.
2020-11-05 14:38:14,710 INFO org.hibernate.dialect.Dialect [task-1] HHH000400: Using dialect: org.hibernate.dialect.PostgreSQL92Dialect
2020-11-05 14:38:15,576 INFO org.hibernate.engine.transaction.jta.platform.internal.JtaPlatformInitiator [task-1] HHH000490: Using JtaPlatform implementation: [org.hibernate.engine.transaction.jta.platform.internal.NoJtaPlatform]
2020-11-05 14:38:15,584 INFO org.springframework.orm.jpa.AbstractEntityManagerFactoryBean [task-1] Initialized JPA EntityManagerFactory for persistence unit 'default'
2020-11-05 14:38:16,348 WARN org.springframework.boot.autoconfigure.orm.jpa.JpaBaseConfiguration$JpaWebConfiguration [main] spring.jpa.open-in-view is enabled by default. Therefore, database queries may be performed during view rendering. Explicitly configure spring.jpa.open-in-view to disable this warning
2020-11-05 14:38:17,493 INFO org.springframework.data.repository.config.DeferredRepositoryInitializationListener [main] Triggering deferred initialization of Spring Data repositories…
2020-11-05 14:38:17,655 INFO org.springframework.data.repository.config.DeferredRepositoryInitializationListener [main] Spring Data repositories initialized!
2020-11-05 14:38:17,664 INFO org.springframework.boot.StartupInfoLogger [main] Started PublicSearchServiceApplicationTests in 5.223 seconds (JVM running for 6.245)
2020-11-05 14:38:17,815 INFO org.springframework.orm.jpa.AbstractEntityManagerFactoryBean [SpringContextShutdownHook] Closing JPA EntityManagerFactory for persistence unit 'default'
2020-11-05 14:38:17,818 INFO org.springframework.scheduling.concurrent.ExecutorConfigurationSupport [SpringContextShutdownHook] Shutting down ExecutorService 'applicationTaskExecutor'
2020-11-05 14:38:17,836 INFO com.zaxxer.hikari.HikariDataSource [SpringContextShutdownHook] HikariPool-1 - Shutdown initiated...
2020-11-05 14:38:17,846 INFO com.zaxxer.hikari.HikariDataSource [SpringContextShutdownHook] HikariPool-1 - Shutdown completed.
2020-11-05 14:43:06,282 INFO org.springframework.test.context.support.AbstractTestContextBootstrapper [main] Neither @ContextConfiguration nor @ContextHierarchy found for test class [com.beis.subsidy.control.publicsearchservice.PublicSearchServiceApplicationTests], using SpringBootContextLoader
2020-11-05 14:43:06,288 INFO org.springframework.test.context.support.AbstractContextLoader [main] Could not detect default resource locations for test class [com.beis.subsidy.control.publicsearchservice.PublicSearchServiceApplicationTests]: no resource found for suffixes {-context.xml, Context.groovy}.
2020-11-05 14:43:06,290 INFO org.springframework.test.context.support.AnnotationConfigContextLoaderUtils [main] Could not detect default configuration classes for test class [com.beis.subsidy.control.publicsearchservice.PublicSearchServiceApplicationTests]: PublicSearchServiceApplicationTests does not declare any static, non-private, non-final, nested classes annotated with @Configuration.
2020-11-05 14:43:06,379 INFO org.springframework.boot.test.context.SpringBootTestContextBootstrapper [main] Found @SpringBootConfiguration com.beis.subsidy.control.publicsearchservice.PublicSearchServiceApplication for test class com.beis.subsidy.control.publicsearchservice.PublicSearchServiceApplicationTests
2020-11-05 14:43:06,458 INFO org.springframework.test.context.support.AbstractTestContextBootstrapper [main] Loaded default TestExecutionListener class names from location [META-INF/spring.factories]: [org.springframework.boot.test.mock.mockito.MockitoTestExecutionListener, org.springframework.boot.test.mock.mockito.ResetMocksTestExecutionListener, org.springframework.boot.test.autoconfigure.restdocs.RestDocsTestExecutionListener, org.springframework.boot.test.autoconfigure.web.client.MockRestServiceServerResetTestExecutionListener, org.springframework.boot.test.autoconfigure.web.servlet.MockMvcPrintOnlyOnFailureTestExecutionListener, org.springframework.boot.test.autoconfigure.web.servlet.WebDriverTestExecutionListener, org.springframework.boot.test.autoconfigure.webservices.client.MockWebServiceServerTestExecutionListener, org.springframework.test.context.web.ServletTestExecutionListener, org.springframework.test.context.support.DirtiesContextBeforeModesTestExecutionListener, org.springframework.test.context.support.DependencyInjectionTestExecutionListener, org.springframework.test.context.support.DirtiesContextTestExecutionListener, org.springframework.test.context.transaction.TransactionalTestExecutionListener, org.springframework.test.context.jdbc.SqlScriptsTestExecutionListener, org.springframework.test.context.event.EventPublishingTestExecutionListener]
2020-11-05 14:43:06,472 INFO org.springframework.test.context.support.AbstractTestContextBootstrapper [main] Using TestExecutionListeners: [org.springframework.test.context.web.ServletTestExecutionListener@757d6814, org.springframework.test.context.support.DirtiesContextBeforeModesTestExecutionListener@649725e3, org.springframework.boot.test.mock.mockito.MockitoTestExecutionListener@3c0fae6c, org.springframework.boot.test.autoconfigure.SpringBootDependencyInjectionTestExecutionListener@4c168660, org.springframework.test.context.support.DirtiesContextTestExecutionListener@52b56a3e, org.springframework.test.context.transaction.TransactionalTestExecutionListener@fd0e5b6, org.springframework.test.context.jdbc.SqlScriptsTestExecutionListener@4eed46ee, org.springframework.test.context.event.EventPublishingTestExecutionListener@36b0fcd5, org.springframework.boot.test.mock.mockito.ResetMocksTestExecutionListener@4fad94a7, org.springframework.boot.test.autoconfigure.restdocs.RestDocsTestExecutionListener@475835b1, org.springframework.boot.test.autoconfigure.web.client.MockRestServiceServerResetTestExecutionListener@6326d182, org.springframework.boot.test.autoconfigure.web.servlet.MockMvcPrintOnlyOnFailureTestExecutionListener@5241cf67, org.springframework.boot.test.autoconfigure.web.servlet.WebDriverTestExecutionListener@716a7124, org.springframework.boot.test.autoconfigure.webservices.client.MockWebServiceServerTestExecutionListener@77192705]
2020-11-05 14:43:06,714 INFO org.springframework.boot.StartupInfoLogger [main] Starting PublicSearchServiceApplicationTests on AMBGB000055 with PID 4054 (started by 482443 in /Users/482443/Projects/BEIS/Subsidy-control-transparency-db/public-search-service)
2020-11-05 14:43:06,715 INFO org.springframework.boot.SpringApplication [main] No active profile set, falling back to default profiles: default
2020-11-05 14:43:07,295 INFO org.springframework.data.repository.config.RepositoryConfigurationDelegate [main] Bootstrapping Spring Data JPA repositories in DEFERRED mode.
2020-11-05 14:43:07,349 INFO org.springframework.data.repository.config.RepositoryConfigurationDelegate [main] Finished Spring Data repository scanning in 48ms. Found 4 JPA repository interfaces.
2020-11-05 14:43:07,863 INFO org.springframework.scheduling.concurrent.ExecutorConfigurationSupport [main] Initializing ExecutorService 'applicationTaskExecutor'
2020-11-05 14:43:07,914 INFO org.hibernate.jpa.internal.util.LogHelper [task-1] HHH000204: Processing PersistenceUnitInfo [name: default]
2020-11-05 14:43:07,963 INFO org.hibernate.Version [task-1] HHH000412: Hibernate ORM core version 5.4.22.Final
2020-11-05 14:43:08,101 INFO org.hibernate.annotations.common.reflection.java.JavaReflectionManager [task-1] HCANN000001: Hibernate Commons Annotations {5.1.0.Final}
2020-11-05 14:43:08,199 INFO com.zaxxer.hikari.HikariDataSource [task-1] HikariPool-1 - Starting...
2020-11-05 14:43:08,289 INFO com.zaxxer.hikari.HikariDataSource [task-1] HikariPool-1 - Start completed.
2020-11-05 14:43:08,306 INFO org.hibernate.dialect.Dialect [task-1] HHH000400: Using dialect: org.hibernate.dialect.PostgreSQL92Dialect
2020-11-05 14:43:08,948 INFO org.hibernate.engine.transaction.jta.platform.internal.JtaPlatformInitiator [task-1] HHH000490: Using JtaPlatform implementation: [org.hibernate.engine.transaction.jta.platform.internal.NoJtaPlatform]
2020-11-05 14:43:08,954 INFO org.springframework.orm.jpa.AbstractEntityManagerFactoryBean [task-1] Initialized JPA EntityManagerFactory for persistence unit 'default'
2020-11-05 14:43:09,468 WARN org.springframework.boot.autoconfigure.orm.jpa.JpaBaseConfiguration$JpaWebConfiguration [main] spring.jpa.open-in-view is enabled by default. Therefore, database queries may be performed during view rendering. Explicitly configure spring.jpa.open-in-view to disable this warning
2020-11-05 14:43:10,452 INFO org.springframework.data.repository.config.DeferredRepositoryInitializationListener [main] Triggering deferred initialization of Spring Data repositories…
2020-11-05 14:43:10,589 INFO org.springframework.data.repository.config.DeferredRepositoryInitializationListener [main] Spring Data repositories initialized!
2020-11-05 14:43:10,597 INFO org.springframework.boot.StartupInfoLogger [main] Started PublicSearchServiceApplicationTests in 4.08 seconds (JVM running for 4.99)
2020-11-05 14:43:10,744 INFO org.springframework.orm.jpa.AbstractEntityManagerFactoryBean [SpringContextShutdownHook] Closing JPA EntityManagerFactory for persistence unit 'default'
2020-11-05 14:43:10,746 INFO org.springframework.scheduling.concurrent.ExecutorConfigurationSupport [SpringContextShutdownHook] Shutting down ExecutorService 'applicationTaskExecutor'
2020-11-05 14:43:10,746 INFO com.zaxxer.hikari.HikariDataSource [SpringContextShutdownHook] HikariPool-1 - Shutdown initiated...
2020-11-05 14:43:10,751 INFO com.zaxxer.hikari.HikariDataSource [SpringContextShutdownHook] HikariPool-1 - Shutdown completed.
2020-11-05 14:43:29,581 INFO org.springframework.test.context.support.AbstractTestContextBootstrapper [main] Neither @ContextConfiguration nor @ContextHierarchy found for test class [com.beis.subsidy.control.publicsearchservice.PublicSearchServiceApplicationTests], using SpringBootContextLoader
2020-11-05 14:43:29,586 INFO org.springframework.test.context.support.AbstractContextLoader [main] Could not detect default resource locations for test class [com.beis.subsidy.control.publicsearchservice.PublicSearchServiceApplicationTests]: no resource found for suffixes {-context.xml, Context.groovy}.
2020-11-05 14:43:29,587 INFO org.springframework.test.context.support.AnnotationConfigContextLoaderUtils [main] Could not detect default configuration classes for test class [com.beis.subsidy.control.publicsearchservice.PublicSearchServiceApplicationTests]: PublicSearchServiceApplicationTests does not declare any static, non-private, non-final, nested classes annotated with @Configuration.
2020-11-05 14:43:29,675 INFO org.springframework.boot.test.context.SpringBootTestContextBootstrapper [main] Found @SpringBootConfiguration com.beis.subsidy.control.publicsearchservice.PublicSearchServiceApplication for test class com.beis.subsidy.control.publicsearchservice.PublicSearchServiceApplicationTests
2020-11-05 14:43:29,753 INFO org.springframework.test.context.support.AbstractTestContextBootstrapper [main] Loaded default TestExecutionListener class names from location [META-INF/spring.factories]: [org.springframework.boot.test.mock.mockito.MockitoTestExecutionListener, org.springframework.boot.test.mock.mockito.ResetMocksTestExecutionListener, org.springframework.boot.test.autoconfigure.restdocs.RestDocsTestExecutionListener, org.springframework.boot.test.autoconfigure.web.client.MockRestServiceServerResetTestExecutionListener, org.springframework.boot.test.autoconfigure.web.servlet.MockMvcPrintOnlyOnFailureTestExecutionListener, org.springframework.boot.test.autoconfigure.web.servlet.WebDriverTestExecutionListener, org.springframework.boot.test.autoconfigure.webservices.client.MockWebServiceServerTestExecutionListener, org.springframework.test.context.web.ServletTestExecutionListener, org.springframework.test.context.support.DirtiesContextBeforeModesTestExecutionListener, org.springframework.test.context.support.DependencyInjectionTestExecutionListener, org.springframework.test.context.support.DirtiesContextTestExecutionListener, org.springframework.test.context.transaction.TransactionalTestExecutionListener, org.springframework.test.context.jdbc.SqlScriptsTestExecutionListener, org.springframework.test.context.event.EventPublishingTestExecutionListener]
2020-11-05 14:43:29,775 INFO org.springframework.test.context.support.AbstractTestContextBootstrapper [main] Using TestExecutionListeners: [org.springframework.test.context.web.ServletTestExecutionListener@743cb8e0, org.springframework.test.context.support.DirtiesContextBeforeModesTestExecutionListener@c7a975a, org.springframework.boot.test.mock.mockito.MockitoTestExecutionListener@2c1b9e4b, org.springframework.boot.test.autoconfigure.SpringBootDependencyInjectionTestExecutionListener@757d6814, org.springframework.test.context.support.DirtiesContextTestExecutionListener@649725e3, org.springframework.test.context.transaction.TransactionalTestExecutionListener@3c0fae6c, org.springframework.test.context.jdbc.SqlScriptsTestExecutionListener@4c168660, org.springframework.test.context.event.EventPublishingTestExecutionListener@52b56a3e, org.springframework.boot.test.mock.mockito.ResetMocksTestExecutionListener@fd0e5b6, org.springframework.boot.test.autoconfigure.restdocs.RestDocsTestExecutionListener@4eed46ee, org.springframework.boot.test.autoconfigure.web.client.MockRestServiceServerResetTestExecutionListener@36b0fcd5, org.springframework.boot.test.autoconfigure.web.servlet.MockMvcPrintOnlyOnFailureTestExecutionListener@4fad94a7, org.springframework.boot.test.autoconfigure.web.servlet.WebDriverTestExecutionListener@475835b1, org.springframework.boot.test.autoconfigure.webservices.client.MockWebServiceServerTestExecutionListener@6326d182]
2020-11-05 14:43:29,999 INFO org.springframework.boot.StartupInfoLogger [main] Starting PublicSearchServiceApplicationTests on AMBGB000055 with PID 4105 (started by 482443 in /Users/482443/Projects/BEIS/Subsidy-control-transparency-db/public-search-service)
2020-11-05 14:43:30,000 INFO org.springframework.boot.SpringApplication [main] No active profile set, falling back to default profiles: default
2020-11-05 14:43:30,596 INFO org.springframework.data.repository.config.RepositoryConfigurationDelegate [main] Bootstrapping Spring Data JPA repositories in DEFERRED mode.
2020-11-05 14:43:30,656 INFO org.springframework.data.repository.config.RepositoryConfigurationDelegate [main] Finished Spring Data repository scanning in 53ms. Found 4 JPA repository interfaces.
2020-11-05 14:43:31,276 INFO org.springframework.scheduling.concurrent.ExecutorConfigurationSupport [main] Initializing ExecutorService 'applicationTaskExecutor'
2020-11-05 14:43:31,342 INFO org.hibernate.jpa.internal.util.LogHelper [task-1] HHH000204: Processing PersistenceUnitInfo [name: default]
2020-11-05 14:43:31,397 INFO org.hibernate.Version [task-1] HHH000412: Hibernate ORM core version 5.4.22.Final
2020-11-05 14:43:31,538 INFO org.hibernate.annotations.common.reflection.java.JavaReflectionManager [task-1] HCANN000001: Hibernate Commons Annotations {5.1.0.Final}
2020-11-05 14:43:31,642 INFO com.zaxxer.hikari.HikariDataSource [task-1] HikariPool-1 - Starting...
2020-11-05 14:43:31,740 INFO com.zaxxer.hikari.HikariDataSource [task-1] HikariPool-1 - Start completed.
2020-11-05 14:43:31,760 INFO org.hibernate.dialect.Dialect [task-1] HHH000400: Using dialect: org.hibernate.dialect.PostgreSQL92Dialect
2020-11-05 14:43:32,484 INFO org.hibernate.engine.transaction.jta.platform.internal.JtaPlatformInitiator [task-1] HHH000490: Using JtaPlatform implementation: [org.hibernate.engine.transaction.jta.platform.internal.NoJtaPlatform]
2020-11-05 14:43:32,492 INFO org.springframework.orm.jpa.AbstractEntityManagerFactoryBean [task-1] Initialized JPA EntityManagerFactory for persistence unit 'default'
2020-11-05 14:43:33,032 WARN org.springframework.boot.autoconfigure.orm.jpa.JpaBaseConfiguration$JpaWebConfiguration [main] spring.jpa.open-in-view is enabled by default. Therefore, database queries may be performed during view rendering. Explicitly configure spring.jpa.open-in-view to disable this warning
2020-11-05 14:43:34,108 INFO org.springframework.data.repository.config.DeferredRepositoryInitializationListener [main] Triggering deferred initialization of Spring Data repositories…
2020-11-05 14:43:34,254 INFO org.springframework.data.repository.config.DeferredRepositoryInitializationListener [main] Spring Data repositories initialized!
2020-11-05 14:43:34,263 INFO org.springframework.boot.StartupInfoLogger [main] Started PublicSearchServiceApplicationTests in 4.451 seconds (JVM running for 5.302)
2020-11-05 14:43:34,383 INFO org.springframework.orm.jpa.AbstractEntityManagerFactoryBean [SpringContextShutdownHook] Closing JPA EntityManagerFactory for persistence unit 'default'
2020-11-05 14:43:34,385 INFO org.springframework.scheduling.concurrent.ExecutorConfigurationSupport [SpringContextShutdownHook] Shutting down ExecutorService 'applicationTaskExecutor'
2020-11-05 14:43:34,385 INFO com.zaxxer.hikari.HikariDataSource [SpringContextShutdownHook] HikariPool-1 - Shutdown initiated...
2020-11-05 14:43:34,392 INFO com.zaxxer.hikari.HikariDataSource [SpringContextShutdownHook] HikariPool-1 - Shutdown completed.
2020-11-05 14:44:04,199 INFO org.springframework.test.context.support.AbstractTestContextBootstrapper [main] Neither @ContextConfiguration nor @ContextHierarchy found for test class [com.beis.subsidy.control.publicsearchservice.PublicSearchServiceApplicationTests], using SpringBootContextLoader
2020-11-05 14:44:04,205 INFO org.springframework.test.context.support.AbstractContextLoader [main] Could not detect default resource locations for test class [com.beis.subsidy.control.publicsearchservice.PublicSearchServiceApplicationTests]: no resource found for suffixes {-context.xml, Context.groovy}.
2020-11-05 14:44:04,205 INFO org.springframework.test.context.support.AnnotationConfigContextLoaderUtils [main] Could not detect default configuration classes for test class [com.beis.subsidy.control.publicsearchservice.PublicSearchServiceApplicationTests]: PublicSearchServiceApplicationTests does not declare any static, non-private, non-final, nested classes annotated with @Configuration.
2020-11-05 14:44:04,289 INFO org.springframework.boot.test.context.SpringBootTestContextBootstrapper [main] Found @SpringBootConfiguration com.beis.subsidy.control.publicsearchservice.PublicSearchServiceApplication for test class com.beis.subsidy.control.publicsearchservice.PublicSearchServiceApplicationTests
2020-11-05 14:44:04,363 INFO org.springframework.test.context.support.AbstractTestContextBootstrapper [main] Loaded default TestExecutionListener class names from location [META-INF/spring.factories]: [org.springframework.boot.test.mock.mockito.MockitoTestExecutionListener, org.springframework.boot.test.mock.mockito.ResetMocksTestExecutionListener, org.springframework.boot.test.autoconfigure.restdocs.RestDocsTestExecutionListener, org.springframework.boot.test.autoconfigure.web.client.MockRestServiceServerResetTestExecutionListener, org.springframework.boot.test.autoconfigure.web.servlet.MockMvcPrintOnlyOnFailureTestExecutionListener, org.springframework.boot.test.autoconfigure.web.servlet.WebDriverTestExecutionListener, org.springframework.boot.test.autoconfigure.webservices.client.MockWebServiceServerTestExecutionListener, org.springframework.test.context.web.ServletTestExecutionListener, org.springframework.test.context.support.DirtiesContextBeforeModesTestExecutionListener, org.springframework.test.context.support.DependencyInjectionTestExecutionListener, org.springframework.test.context.support.DirtiesContextTestExecutionListener, org.springframework.test.context.transaction.TransactionalTestExecutionListener, org.springframework.test.context.jdbc.SqlScriptsTestExecutionListener, org.springframework.test.context.event.EventPublishingTestExecutionListener]
2020-11-05 14:44:04,376 INFO org.springframework.test.context.support.AbstractTestContextBootstrapper [main] Using TestExecutionListeners: [org.springframework.test.context.web.ServletTestExecutionListener@757d6814, org.springframework.test.context.support.DirtiesContextBeforeModesTestExecutionListener@649725e3, org.springframework.boot.test.mock.mockito.MockitoTestExecutionListener@3c0fae6c, org.springframework.boot.test.autoconfigure.SpringBootDependencyInjectionTestExecutionListener@4c168660, org.springframework.test.context.support.DirtiesContextTestExecutionListener@52b56a3e, org.springframework.test.context.transaction.TransactionalTestExecutionListener@fd0e5b6, org.springframework.test.context.jdbc.SqlScriptsTestExecutionListener@4eed46ee, org.springframework.test.context.event.EventPublishingTestExecutionListener@36b0fcd5, org.springframework.boot.test.mock.mockito.ResetMocksTestExecutionListener@4fad94a7, org.springframework.boot.test.autoconfigure.restdocs.RestDocsTestExecutionListener@475835b1, org.springframework.boot.test.autoconfigure.web.client.MockRestServiceServerResetTestExecutionListener@6326d182, org.springframework.boot.test.autoconfigure.web.servlet.MockMvcPrintOnlyOnFailureTestExecutionListener@5241cf67, org.springframework.boot.test.autoconfigure.web.servlet.WebDriverTestExecutionListener@716a7124, org.springframework.boot.test.autoconfigure.webservices.client.MockWebServiceServerTestExecutionListener@77192705]
2020-11-05 14:44:04,608 INFO org.springframework.boot.StartupInfoLogger [main] Starting PublicSearchServiceApplicationTests on AMBGB000055 with PID 4165 (started by 482443 in /Users/482443/Projects/BEIS/Subsidy-control-transparency-db/public-search-service)
2020-11-05 14:44:04,608 INFO org.springframework.boot.SpringApplication [main] No active profile set, falling back to default profiles: default
2020-11-05 14:44:05,185 INFO org.springframework.data.repository.config.RepositoryConfigurationDelegate [main] Bootstrapping Spring Data JPA repositories in DEFERRED mode.
2020-11-05 14:44:05,244 INFO org.springframework.data.repository.config.RepositoryConfigurationDelegate [main] Finished Spring Data repository scanning in 52ms. Found 4 JPA repository interfaces.
2020-11-05 14:44:05,733 INFO org.springframework.scheduling.concurrent.ExecutorConfigurationSupport [main] Initializing ExecutorService 'applicationTaskExecutor'
2020-11-05 14:44:05,779 INFO org.hibernate.jpa.internal.util.LogHelper [task-1] HHH000204: Processing PersistenceUnitInfo [name: default]
2020-11-05 14:44:05,824 INFO org.hibernate.Version [task-1] HHH000412: Hibernate ORM core version 5.4.22.Final
2020-11-05 14:44:05,952 INFO org.hibernate.annotations.common.reflection.java.JavaReflectionManager [task-1] HCANN000001: Hibernate Commons Annotations {5.1.0.Final}
2020-11-05 14:44:06,047 INFO com.zaxxer.hikari.HikariDataSource [task-1] HikariPool-1 - Starting...
2020-11-05 14:44:06,133 INFO com.zaxxer.hikari.HikariDataSource [task-1] HikariPool-1 - Start completed.
2020-11-05 14:44:06,150 INFO org.hibernate.dialect.Dialect [task-1] HHH000400: Using dialect: org.hibernate.dialect.PostgreSQL92Dialect
2020-11-05 14:44:06,812 INFO org.hibernate.engine.transaction.jta.platform.internal.JtaPlatformInitiator [task-1] HHH000490: Using JtaPlatform implementation: [org.hibernate.engine.transaction.jta.platform.internal.NoJtaPlatform]
2020-11-05 14:44:06,819 INFO org.springframework.orm.jpa.AbstractEntityManagerFactoryBean [task-1] Initialized JPA EntityManagerFactory for persistence unit 'default'
2020-11-05 14:44:07,321 WARN org.springframework.boot.autoconfigure.orm.jpa.JpaBaseConfiguration$JpaWebConfiguration [main] spring.jpa.open-in-view is enabled by default. Therefore, database queries may be performed during view rendering. Explicitly configure spring.jpa.open-in-view to disable this warning
2020-11-05 14:44:08,165 INFO org.springframework.data.repository.config.DeferredRepositoryInitializationListener [main] Triggering deferred initialization of Spring Data repositories…
2020-11-05 14:44:08,289 INFO org.springframework.data.repository.config.DeferredRepositoryInitializationListener [main] Spring Data repositories initialized!
2020-11-05 14:44:08,295 INFO org.springframework.boot.StartupInfoLogger [main] Started PublicSearchServiceApplicationTests in 3.879 seconds (JVM running for 4.704)
2020-11-05 14:44:08,425 INFO org.springframework.orm.jpa.AbstractEntityManagerFactoryBean [SpringContextShutdownHook] Closing JPA EntityManagerFactory for persistence unit 'default'
2020-11-05 14:44:08,426 INFO org.springframework.scheduling.concurrent.ExecutorConfigurationSupport [SpringContextShutdownHook] Shutting down ExecutorService 'applicationTaskExecutor'
2020-11-05 14:44:08,427 INFO com.zaxxer.hikari.HikariDataSource [SpringContextShutdownHook] HikariPool-1 - Shutdown initiated...
2020-11-05 14:44:08,432 INFO com.zaxxer.hikari.HikariDataSource [SpringContextShutdownHook] HikariPool-1 - Shutdown completed.
2020-11-05 14:50:31,037 INFO org.springframework.boot.StartupInfoLogger [main] Starting PublicSearchServiceApplication v0.0.1-SNAPSHOT on AMBGB000055 with PID 4357 (/Users/482443/Projects/BEIS/Subsidy-control-transparency-db/public-search-service/target/public-search-service-0.0.1-SNAPSHOT.jar started by 482443 in /Users/482443/Projects/BEIS/Subsidy-control-transparency-db/public-search-service)
2020-11-05 14:50:31,040 INFO org.springframework.boot.SpringApplication [main] No active profile set, falling back to default profiles: default
2020-11-05 14:50:31,878 INFO org.springframework.data.repository.config.RepositoryConfigurationDelegate [main] Bootstrapping Spring Data JPA repositories in DEFERRED mode.
2020-11-05 14:50:31,968 INFO org.springframework.data.repository.config.RepositoryConfigurationDelegate [main] Finished Spring Data repository scanning in 82ms. Found 4 JPA repository interfaces.
2020-11-05 14:50:32,664 INFO org.springframework.boot.web.embedded.tomcat.TomcatWebServer [main] Tomcat initialized with port(s): 8581 (http)
2020-11-05 14:50:32,673 INFO org.apache.juli.logging.DirectJDKLog [main] Initializing ProtocolHandler ["http-nio-8581"]
2020-11-05 14:50:32,674 INFO org.apache.juli.logging.DirectJDKLog [main] Starting service [Tomcat]
2020-11-05 14:50:32,674 INFO org.apache.juli.logging.DirectJDKLog [main] Starting Servlet engine: [Apache Tomcat/9.0.39]
2020-11-05 14:50:32,734 INFO org.apache.juli.logging.DirectJDKLog [main] Initializing Spring embedded WebApplicationContext
2020-11-05 14:50:32,735 INFO org.springframework.boot.web.servlet.context.ServletWebServerApplicationContext [main] Root WebApplicationContext: initialization completed in 1646 ms
2020-11-05 14:50:32,993 INFO org.springframework.scheduling.concurrent.ExecutorConfigurationSupport [main] Initializing ExecutorService 'applicationTaskExecutor'
2020-11-05 14:50:33,047 INFO org.hibernate.jpa.internal.util.LogHelper [task-1] HHH000204: Processing PersistenceUnitInfo [name: default]
2020-11-05 14:50:33,148 INFO org.hibernate.Version [task-1] HHH000412: Hibernate ORM core version 5.4.22.Final
2020-11-05 14:50:33,329 INFO org.hibernate.annotations.common.reflection.java.JavaReflectionManager [task-1] HCANN000001: Hibernate Commons Annotations {5.1.0.Final}
2020-11-05 14:50:33,438 INFO com.zaxxer.hikari.HikariDataSource [task-1] HikariPool-1 - Starting...
2020-11-05 14:50:33,539 INFO com.zaxxer.hikari.HikariDataSource [task-1] HikariPool-1 - Start completed.
2020-11-05 14:50:33,563 INFO org.hibernate.dialect.Dialect [task-1] HHH000400: Using dialect: org.hibernate.dialect.PostgreSQL92Dialect
2020-11-05 14:50:34,216 INFO org.hibernate.engine.transaction.jta.platform.internal.JtaPlatformInitiator [task-1] HHH000490: Using JtaPlatform implementation: [org.hibernate.engine.transaction.jta.platform.internal.NoJtaPlatform]
2020-11-05 14:50:34,223 INFO org.springframework.orm.jpa.AbstractEntityManagerFactoryBean [task-1] Initialized JPA EntityManagerFactory for persistence unit 'default'
2020-11-05 14:50:34,683 WARN org.springframework.boot.autoconfigure.orm.jpa.JpaBaseConfiguration$JpaWebConfiguration [main] spring.jpa.open-in-view is enabled by default. Therefore, database queries may be performed during view rendering. Explicitly configure spring.jpa.open-in-view to disable this warning
2020-11-05 14:50:35,674 INFO org.apache.juli.logging.DirectJDKLog [main] Starting ProtocolHandler ["http-nio-8581"]
2020-11-05 14:50:35,694 INFO org.springframework.boot.web.embedded.tomcat.TomcatWebServer [main] Tomcat started on port(s): 8581 (http) with context path ''
2020-11-05 14:50:35,695 INFO org.springframework.data.repository.config.DeferredRepositoryInitializationListener [main] Triggering deferred initialization of Spring Data repositories…
2020-11-05 14:50:35,833 INFO org.springframework.data.repository.config.DeferredRepositoryInitializationListener [main] Spring Data repositories initialized!
2020-11-05 14:50:35,840 INFO org.springframework.boot.StartupInfoLogger [main] Started PublicSearchServiceApplication in 5.262 seconds (JVM running for 5.855)
2020-11-05 14:51:01,746 INFO org.apache.juli.logging.DirectJDKLog [http-nio-8581-exec-1] Initializing Spring DispatcherServlet 'dispatcherServlet'
2020-11-05 14:51:01,747 INFO org.springframework.web.servlet.FrameworkServlet [http-nio-8581-exec-1] Initializing Servlet 'dispatcherServlet'
2020-11-05 14:51:01,765 INFO org.springframework.web.servlet.FrameworkServlet [http-nio-8581-exec-1] Completed initialization in 17 ms
2020-11-05 14:51:02,006 INFO org.springdoc.api.AbstractOpenApiResource [http-nio-8581-exec-1] Init duration for springdoc-openapi is: 209 ms
2020-11-05 15:42:43,291 WARN com.zaxxer.hikari.pool.HikariPool$HouseKeeper [HikariPool-1 housekeeper] HikariPool-1 - Thread starvation or clock leap detected (housekeeper delta=39m9s569ms).
2020-11-05 16:09:56,055 WARN com.zaxxer.hikari.pool.HikariPool$HouseKeeper [HikariPool-1 housekeeper] HikariPool-1 - Thread starvation or clock leap detected (housekeeper delta=26m42s752ms).
2020-11-05 16:38:58,734 INFO org.springframework.orm.jpa.AbstractEntityManagerFactoryBean [SpringContextShutdownHook] Closing JPA EntityManagerFactory for persistence unit 'default'
2020-11-05 16:38:58,753 INFO org.springframework.scheduling.concurrent.ExecutorConfigurationSupport [SpringContextShutdownHook] Shutting down ExecutorService 'applicationTaskExecutor'
2020-11-05 16:38:58,755 INFO com.zaxxer.hikari.HikariDataSource [SpringContextShutdownHook] HikariPool-1 - Shutdown initiated...
2020-11-05 16:38:58,767 INFO com.zaxxer.hikari.HikariDataSource [SpringContextShutdownHook] HikariPool-1 - Shutdown completed.
2020-11-05 20:52:46,837 INFO org.springframework.test.context.support.AbstractTestContextBootstrapper [main] Neither @ContextConfiguration nor @ContextHierarchy found for test class [com.beis.subsidy.control.publicsearchservice.PublicSearchServiceApplicationTests], using SpringBootContextLoader
2020-11-05 20:52:46,844 INFO org.springframework.test.context.support.AbstractContextLoader [main] Could not detect default resource locations for test class [com.beis.subsidy.control.publicsearchservice.PublicSearchServiceApplicationTests]: no resource found for suffixes {-context.xml, Context.groovy}.
2020-11-05 20:52:46,845 INFO org.springframework.test.context.support.AnnotationConfigContextLoaderUtils [main] Could not detect default configuration classes for test class [com.beis.subsidy.control.publicsearchservice.PublicSearchServiceApplicationTests]: PublicSearchServiceApplicationTests does not declare any static, non-private, non-final, nested classes annotated with @Configuration.
2020-11-05 20:52:46,948 INFO org.springframework.boot.test.context.SpringBootTestContextBootstrapper [main] Found @SpringBootConfiguration com.beis.subsidy.control.publicsearchservice.PublicSearchServiceApplication for test class com.beis.subsidy.control.publicsearchservice.PublicSearchServiceApplicationTests
2020-11-05 20:52:47,039 INFO org.springframework.test.context.support.AbstractTestContextBootstrapper [main] Loaded default TestExecutionListener class names from location [META-INF/spring.factories]: [org.springframework.boot.test.mock.mockito.MockitoTestExecutionListener, org.springframework.boot.test.mock.mockito.ResetMocksTestExecutionListener, org.springframework.boot.test.autoconfigure.restdocs.RestDocsTestExecutionListener, org.springframework.boot.test.autoconfigure.web.client.MockRestServiceServerResetTestExecutionListener, org.springframework.boot.test.autoconfigure.web.servlet.MockMvcPrintOnlyOnFailureTestExecutionListener, org.springframework.boot.test.autoconfigure.web.servlet.WebDriverTestExecutionListener, org.springframework.boot.test.autoconfigure.webservices.client.MockWebServiceServerTestExecutionListener, org.springframework.test.context.web.ServletTestExecutionListener, org.springframework.test.context.support.DirtiesContextBeforeModesTestExecutionListener, org.springframework.test.context.support.DependencyInjectionTestExecutionListener, org.springframework.test.context.support.DirtiesContextTestExecutionListener, org.springframework.test.context.transaction.TransactionalTestExecutionListener, org.springframework.test.context.jdbc.SqlScriptsTestExecutionListener, org.springframework.test.context.event.EventPublishingTestExecutionListener]
2020-11-05 20:52:47,054 INFO org.springframework.test.context.support.AbstractTestContextBootstrapper [main] Using TestExecutionListeners: [org.springframework.test.context.web.ServletTestExecutionListener@757d6814, org.springframework.test.context.support.DirtiesContextBeforeModesTestExecutionListener@649725e3, org.springframework.boot.test.mock.mockito.MockitoTestExecutionListener@3c0fae6c, org.springframework.boot.test.autoconfigure.SpringBootDependencyInjectionTestExecutionListener@4c168660, org.springframework.test.context.support.DirtiesContextTestExecutionListener@52b56a3e, org.springframework.test.context.transaction.TransactionalTestExecutionListener@fd0e5b6, org.springframework.test.context.jdbc.SqlScriptsTestExecutionListener@4eed46ee, org.springframework.test.context.event.EventPublishingTestExecutionListener@36b0fcd5, org.springframework.boot.test.mock.mockito.ResetMocksTestExecutionListener@4fad94a7, org.springframework.boot.test.autoconfigure.restdocs.RestDocsTestExecutionListener@475835b1, org.springframework.boot.test.autoconfigure.web.client.MockRestServiceServerResetTestExecutionListener@6326d182, org.springframework.boot.test.autoconfigure.web.servlet.MockMvcPrintOnlyOnFailureTestExecutionListener@5241cf67, org.springframework.boot.test.autoconfigure.web.servlet.WebDriverTestExecutionListener@716a7124, org.springframework.boot.test.autoconfigure.webservices.client.MockWebServiceServerTestExecutionListener@77192705]
2020-11-05 20:52:47,387 INFO org.springframework.boot.StartupInfoLogger [main] Starting PublicSearchServiceApplicationTests on AMBGB000055 with PID 8939 (started by 482443 in /Users/482443/Projects/BEIS/Subsidy-control-transparency-db/public-search-service)
2020-11-05 20:52:47,391 INFO org.springframework.boot.SpringApplication [main] No active profile set, falling back to default profiles: default
2020-11-05 20:52:48,055 INFO org.springframework.data.repository.config.RepositoryConfigurationDelegate [main] Bootstrapping Spring Data JPA repositories in DEFERRED mode.
2020-11-05 20:52:48,118 INFO org.springframework.data.repository.config.RepositoryConfigurationDelegate [main] Finished Spring Data repository scanning in 54ms. Found 4 JPA repository interfaces.
2020-11-05 20:52:48,710 INFO org.springframework.scheduling.concurrent.ExecutorConfigurationSupport [main] Initializing ExecutorService 'applicationTaskExecutor'
2020-11-05 20:52:48,772 INFO org.hibernate.jpa.internal.util.LogHelper [task-1] HHH000204: Processing PersistenceUnitInfo [name: default]
2020-11-05 20:52:48,838 INFO org.hibernate.Version [task-1] HHH000412: Hibernate ORM core version 5.4.22.Final
2020-11-05 20:52:48,998 INFO org.hibernate.annotations.common.reflection.java.JavaReflectionManager [task-1] HCANN000001: Hibernate Commons Annotations {5.1.0.Final}
2020-11-05 20:52:49,104 INFO com.zaxxer.hikari.HikariDataSource [task-1] HikariPool-1 - Starting...
2020-11-05 20:52:49,219 INFO com.zaxxer.hikari.HikariDataSource [task-1] HikariPool-1 - Start completed.
2020-11-05 20:52:49,243 INFO org.hibernate.dialect.Dialect [task-1] HHH000400: Using dialect: org.hibernate.dialect.PostgreSQL92Dialect
2020-11-05 20:52:49,896 INFO org.hibernate.engine.transaction.jta.platform.internal.JtaPlatformInitiator [task-1] HHH000490: Using JtaPlatform implementation: [org.hibernate.engine.transaction.jta.platform.internal.NoJtaPlatform]
2020-11-05 20:52:49,904 INFO org.springframework.orm.jpa.AbstractEntityManagerFactoryBean [task-1] Initialized JPA EntityManagerFactory for persistence unit 'default'
2020-11-05 20:52:50,379 WARN org.springframework.boot.autoconfigure.orm.jpa.JpaBaseConfiguration$JpaWebConfiguration [main] spring.jpa.open-in-view is enabled by default. Therefore, database queries may be performed during view rendering. Explicitly configure spring.jpa.open-in-view to disable this warning
2020-11-05 20:52:51,214 INFO org.springframework.data.repository.config.DeferredRepositoryInitializationListener [main] Triggering deferred initialization of Spring Data repositories…
2020-11-05 20:52:51,344 INFO org.springframework.data.repository.config.DeferredRepositoryInitializationListener [main] Spring Data repositories initialized!
2020-11-05 20:52:51,350 INFO org.springframework.boot.StartupInfoLogger [main] Started PublicSearchServiceApplicationTests in 4.248 seconds (JVM running for 5.236)
2020-11-05 20:52:51,478 INFO org.springframework.orm.jpa.AbstractEntityManagerFactoryBean [SpringContextShutdownHook] Closing JPA EntityManagerFactory for persistence unit 'default'
2020-11-05 20:52:51,479 INFO org.springframework.scheduling.concurrent.ExecutorConfigurationSupport [SpringContextShutdownHook] Shutting down ExecutorService 'applicationTaskExecutor'
2020-11-05 20:52:51,479 INFO com.zaxxer.hikari.HikariDataSource [SpringContextShutdownHook] HikariPool-1 - Shutdown initiated...
2020-11-05 20:52:51,484 INFO com.zaxxer.hikari.HikariDataSource [SpringContextShutdownHook] HikariPool-1 - Shutdown completed.
2020-11-05 20:52:59,657 INFO org.springframework.boot.StartupInfoLogger [main] Starting PublicSearchServiceApplication v0.0.1-SNAPSHOT on AMBGB000055 with PID 8959 (/Users/482443/Projects/BEIS/Subsidy-control-transparency-db/public-search-service/target/public-search-service-0.0.1-SNAPSHOT.jar started by 482443 in /Users/482443/Projects/BEIS/Subsidy-control-transparency-db/public-search-service)
2020-11-05 20:52:59,659 INFO org.springframework.boot.SpringApplication [main] No active profile set, falling back to default profiles: default
2020-11-05 20:53:00,422 INFO org.springframework.data.repository.config.RepositoryConfigurationDelegate [main] Bootstrapping Spring Data JPA repositories in DEFERRED mode.
2020-11-05 20:53:00,521 INFO org.springframework.data.repository.config.RepositoryConfigurationDelegate [main] Finished Spring Data repository scanning in 90ms. Found 4 JPA repository interfaces.
2020-11-05 20:53:01,241 INFO org.springframework.boot.web.embedded.tomcat.TomcatWebServer [main] Tomcat initialized with port(s): 8581 (http)
2020-11-05 20:53:01,252 INFO org.apache.juli.logging.DirectJDKLog [main] Initializing ProtocolHandler ["http-nio-8581"]
2020-11-05 20:53:01,253 INFO org.apache.juli.logging.DirectJDKLog [main] Starting service [Tomcat]
2020-11-05 20:53:01,253 INFO org.apache.juli.logging.DirectJDKLog [main] Starting Servlet engine: [Apache Tomcat/9.0.39]
2020-11-05 20:53:01,322 INFO org.apache.juli.logging.DirectJDKLog [main] Initializing Spring embedded WebApplicationContext
2020-11-05 20:53:01,322 INFO org.springframework.boot.web.servlet.context.ServletWebServerApplicationContext [main] Root WebApplicationContext: initialization completed in 1612 ms
2020-11-05 20:53:01,594 INFO org.springframework.scheduling.concurrent.ExecutorConfigurationSupport [main] Initializing ExecutorService 'applicationTaskExecutor'
2020-11-05 20:53:01,649 INFO org.hibernate.jpa.internal.util.LogHelper [task-1] HHH000204: Processing PersistenceUnitInfo [name: default]
2020-11-05 20:53:01,736 INFO org.hibernate.Version [task-1] HHH000412: Hibernate ORM core version 5.4.22.Final
2020-11-05 20:53:01,927 INFO org.hibernate.annotations.common.reflection.java.JavaReflectionManager [task-1] HCANN000001: Hibernate Commons Annotations {5.1.0.Final}
2020-11-05 20:53:02,058 INFO com.zaxxer.hikari.HikariDataSource [task-1] HikariPool-1 - Starting...
2020-11-05 20:53:02,167 INFO com.zaxxer.hikari.HikariDataSource [task-1] HikariPool-1 - Start completed.
2020-11-05 20:53:02,191 INFO org.hibernate.dialect.Dialect [task-1] HHH000400: Using dialect: org.hibernate.dialect.PostgreSQL92Dialect
2020-11-05 20:53:02,939 INFO org.hibernate.engine.transaction.jta.platform.internal.JtaPlatformInitiator [task-1] HHH000490: Using JtaPlatform implementation: [org.hibernate.engine.transaction.jta.platform.internal.NoJtaPlatform]
2020-11-05 20:53:02,948 INFO org.springframework.orm.jpa.AbstractEntityManagerFactoryBean [task-1] Initialized JPA EntityManagerFactory for persistence unit 'default'
2020-11-05 20:53:03,576 WARN org.springframework.boot.autoconfigure.orm.jpa.JpaBaseConfiguration$JpaWebConfiguration [main] spring.jpa.open-in-view is enabled by default. Therefore, database queries may be performed during view rendering. Explicitly configure spring.jpa.open-in-view to disable this warning
2020-11-05 20:53:04,794 INFO org.apache.juli.logging.DirectJDKLog [main] Starting ProtocolHandler ["http-nio-8581"]
2020-11-05 20:53:04,821 INFO org.springframework.boot.web.embedded.tomcat.TomcatWebServer [main] Tomcat started on port(s): 8581 (http) with context path ''
2020-11-05 20:53:04,822 INFO org.springframework.data.repository.config.DeferredRepositoryInitializationListener [main] Triggering deferred initialization of Spring Data repositories…
2020-11-05 20:53:04,987 INFO org.springframework.data.repository.config.DeferredRepositoryInitializationListener [main] Spring Data repositories initialized!
2020-11-05 20:53:04,995 INFO org.springframework.boot.StartupInfoLogger [main] Started PublicSearchServiceApplication in 5.852 seconds (JVM running for 6.489)
2020-11-05 20:53:18,789 INFO org.apache.juli.logging.DirectJDKLog [http-nio-8581-exec-1] Initializing Spring DispatcherServlet 'dispatcherServlet'
2020-11-05 20:53:18,789 INFO org.springframework.web.servlet.FrameworkServlet [http-nio-8581-exec-1] Initializing Servlet 'dispatcherServlet'
2020-11-05 20:53:18,805 INFO org.springframework.web.servlet.FrameworkServlet [http-nio-8581-exec-1] Completed initialization in 16 ms
2020-11-05 20:53:19,034 INFO org.springdoc.api.AbstractOpenApiResource [http-nio-8581-exec-1] Init duration for springdoc-openapi is: 200 ms
2020-11-05 20:56:47,538 INFO org.springframework.orm.jpa.AbstractEntityManagerFactoryBean [SpringContextShutdownHook] Closing JPA EntityManagerFactory for persistence unit 'default'
2020-11-05 20:56:47,540 INFO org.springframework.scheduling.concurrent.ExecutorConfigurationSupport [SpringContextShutdownHook] Shutting down ExecutorService 'applicationTaskExecutor'
2020-11-05 20:56:47,541 INFO com.zaxxer.hikari.HikariDataSource [SpringContextShutdownHook] HikariPool-1 - Shutdown initiated...
2020-11-05 20:56:47,546 INFO com.zaxxer.hikari.HikariDataSource [SpringContextShutdownHook] HikariPool-1 - Shutdown completed.
2020-11-05 20:57:01,854 INFO org.springframework.test.context.support.AbstractTestContextBootstrapper [main] Neither @ContextConfiguration nor @ContextHierarchy found for test class [com.beis.subsidy.control.publicsearchservice.PublicSearchServiceApplicationTests], using SpringBootContextLoader
2020-11-05 20:57:01,859 INFO org.springframework.test.context.support.AbstractContextLoader [main] Could not detect default resource locations for test class [com.beis.subsidy.control.publicsearchservice.PublicSearchServiceApplicationTests]: no resource found for suffixes {-context.xml, Context.groovy}.
2020-11-05 20:57:01,860 INFO org.springframework.test.context.support.AnnotationConfigContextLoaderUtils [main] Could not detect default configuration classes for test class [com.beis.subsidy.control.publicsearchservice.PublicSearchServiceApplicationTests]: PublicSearchServiceApplicationTests does not declare any static, non-private, non-final, nested classes annotated with @Configuration.
2020-11-05 20:57:01,934 INFO org.springframework.boot.test.context.SpringBootTestContextBootstrapper [main] Found @SpringBootConfiguration com.beis.subsidy.control.publicsearchservice.PublicSearchServiceApplication for test class com.beis.subsidy.control.publicsearchservice.PublicSearchServiceApplicationTests
2020-11-05 20:57:02,006 INFO org.springframework.test.context.support.AbstractTestContextBootstrapper [main] Loaded default TestExecutionListener class names from location [META-INF/spring.factories]: [org.springframework.boot.test.mock.mockito.MockitoTestExecutionListener, org.springframework.boot.test.mock.mockito.ResetMocksTestExecutionListener, org.springframework.boot.test.autoconfigure.restdocs.RestDocsTestExecutionListener, org.springframework.boot.test.autoconfigure.web.client.MockRestServiceServerResetTestExecutionListener, org.springframework.boot.test.autoconfigure.web.servlet.MockMvcPrintOnlyOnFailureTestExecutionListener, org.springframework.boot.test.autoconfigure.web.servlet.WebDriverTestExecutionListener, org.springframework.boot.test.autoconfigure.webservices.client.MockWebServiceServerTestExecutionListener, org.springframework.test.context.web.ServletTestExecutionListener, org.springframework.test.context.support.DirtiesContextBeforeModesTestExecutionListener, org.springframework.test.context.support.DependencyInjectionTestExecutionListener, org.springframework.test.context.support.DirtiesContextTestExecutionListener, org.springframework.test.context.transaction.TransactionalTestExecutionListener, org.springframework.test.context.jdbc.SqlScriptsTestExecutionListener, org.springframework.test.context.event.EventPublishingTestExecutionListener]
2020-11-05 20:57:02,018 INFO org.springframework.test.context.support.AbstractTestContextBootstrapper [main] Using TestExecutionListeners: [org.springframework.test.context.web.ServletTestExecutionListener@757d6814, org.springframework.test.context.support.DirtiesContextBeforeModesTestExecutionListener@649725e3, org.springframework.boot.test.mock.mockito.MockitoTestExecutionListener@3c0fae6c, org.springframework.boot.test.autoconfigure.SpringBootDependencyInjectionTestExecutionListener@4c168660, org.springframework.test.context.support.DirtiesContextTestExecutionListener@52b56a3e, org.springframework.test.context.transaction.TransactionalTestExecutionListener@fd0e5b6, org.springframework.test.context.jdbc.SqlScriptsTestExecutionListener@4eed46ee, org.springframework.test.context.event.EventPublishingTestExecutionListener@36b0fcd5, org.springframework.boot.test.mock.mockito.ResetMocksTestExecutionListener@4fad94a7, org.springframework.boot.test.autoconfigure.restdocs.RestDocsTestExecutionListener@475835b1, org.springframework.boot.test.autoconfigure.web.client.MockRestServiceServerResetTestExecutionListener@6326d182, org.springframework.boot.test.autoconfigure.web.servlet.MockMvcPrintOnlyOnFailureTestExecutionListener@5241cf67, org.springframework.boot.test.autoconfigure.web.servlet.WebDriverTestExecutionListener@716a7124, org.springframework.boot.test.autoconfigure.webservices.client.MockWebServiceServerTestExecutionListener@77192705]
2020-11-05 20:57:02,238 INFO org.springframework.boot.StartupInfoLogger [main] Starting PublicSearchServiceApplicationTests on AMBGB000055 with PID 9071 (started by 482443 in /Users/482443/Projects/BEIS/Subsidy-control-transparency-db/public-search-service)
2020-11-05 20:57:02,239 INFO org.springframework.boot.SpringApplication [main] No active profile set, falling back to default profiles: default
2020-11-05 20:57:02,829 INFO org.springframework.data.repository.config.RepositoryConfigurationDelegate [main] Bootstrapping Spring Data JPA repositories in DEFERRED mode.
2020-11-05 20:57:02,889 INFO org.springframework.data.repository.config.RepositoryConfigurationDelegate [main] Finished Spring Data repository scanning in 53ms. Found 4 JPA repository interfaces.
2020-11-05 20:57:03,419 INFO org.springframework.scheduling.concurrent.ExecutorConfigurationSupport [main] Initializing ExecutorService 'applicationTaskExecutor'
2020-11-05 20:57:03,472 INFO org.hibernate.jpa.internal.util.LogHelper [task-1] HHH000204: Processing PersistenceUnitInfo [name: default]
2020-11-05 20:57:03,525 INFO org.hibernate.Version [task-1] HHH000412: Hibernate ORM core version 5.4.22.Final
2020-11-05 20:57:03,739 INFO org.hibernate.annotations.common.reflection.java.JavaReflectionManager [task-1] HCANN000001: Hibernate Commons Annotations {5.1.0.Final}
2020-11-05 20:57:03,849 INFO com.zaxxer.hikari.HikariDataSource [task-1] HikariPool-1 - Starting...
2020-11-05 20:57:03,947 INFO com.zaxxer.hikari.HikariDataSource [task-1] HikariPool-1 - Start completed.
2020-11-05 20:57:03,966 INFO org.hibernate.dialect.Dialect [task-1] HHH000400: Using dialect: org.hibernate.dialect.PostgreSQL92Dialect
2020-11-05 20:57:04,602 INFO org.hibernate.engine.transaction.jta.platform.internal.JtaPlatformInitiator [task-1] HHH000490: Using JtaPlatform implementation: [org.hibernate.engine.transaction.jta.platform.internal.NoJtaPlatform]
2020-11-05 20:57:04,611 INFO org.springframework.orm.jpa.AbstractEntityManagerFactoryBean [task-1] Initialized JPA EntityManagerFactory for persistence unit 'default'
2020-11-05 20:57:05,157 WARN org.springframework.boot.autoconfigure.orm.jpa.JpaBaseConfiguration$JpaWebConfiguration [main] spring.jpa.open-in-view is enabled by default. Therefore, database queries may be performed during view rendering. Explicitly configure spring.jpa.open-in-view to disable this warning
2020-11-05 20:57:06,080 INFO org.springframework.data.repository.config.DeferredRepositoryInitializationListener [main] Triggering deferred initialization of Spring Data repositories…
2020-11-05 20:57:06,213 INFO org.springframework.data.repository.config.DeferredRepositoryInitializationListener [main] Spring Data repositories initialized!
2020-11-05 20:57:06,221 INFO org.springframework.boot.StartupInfoLogger [main] Started PublicSearchServiceApplicationTests in 4.163 seconds (JVM running for 4.971)
2020-11-05 20:57:06,335 INFO org.springframework.orm.jpa.AbstractEntityManagerFactoryBean [SpringContextShutdownHook] Closing JPA EntityManagerFactory for persistence unit 'default'
2020-11-05 20:57:06,337 INFO org.springframework.scheduling.concurrent.ExecutorConfigurationSupport [SpringContextShutdownHook] Shutting down ExecutorService 'applicationTaskExecutor'
2020-11-05 20:57:06,337 INFO com.zaxxer.hikari.HikariDataSource [SpringContextShutdownHook] HikariPool-1 - Shutdown initiated...
2020-11-05 20:57:06,344 INFO com.zaxxer.hikari.HikariDataSource [SpringContextShutdownHook] HikariPool-1 - Shutdown completed.
